<?xml version="1.0" encoding="UTF-8"?>
<!-- Generated by org.testng.reporters.JUnitXMLReporter -->
<testsuite ignored="1" hostname="Rehan" failures="0" tests="1" name="Default test" time="31.095" errors="0" timestamp="2024-02-12T19:15:12 IST">
  <testcase classname="com.BlazeDemo.testcases.TC_bookingTicket" name="ticketBooking" time="29.232"/>
  <testcase classname="com.BlazeDemo.testcases.TC_bookingTicket" name="testTitle" time="0.0">
    <ignored/>
  </testcase> <!-- testTitle -->
</testsuite> <!-- Default test -->
