<?xml version="1.0" encoding="UTF-8"?>
<testng-results ignored="0" total="2" passed="2" failed="0" skipped="0">
  <reporter-output>
  </reporter-output>
  <suite started-at="2024-06-07T00:34:14 IST" name="Default suite" finished-at="2024-06-07T00:34:27 IST" duration-ms="12865">
    <groups>
    </groups>
    <test started-at="2024-06-07T00:34:14 IST" name="Default test" finished-at="2024-06-07T00:34:27 IST" duration-ms="12865">
      <class name="test.XprizoTest">
        <test-method is-config="true" signature="setUpExtentReports()[pri:0, instance:test.XprizoTest@8f4ea7c]" started-at="2024-06-07T00:34:13 IST" name="setUpExtentReports" finished-at="2024-06-07T00:34:14 IST" duration-ms="412" status="PASS">
          <reporter-output>
          </reporter-output>
        </test-method> <!-- setUpExtentReports -->
        <test-method is-config="true" signature="setUp()[pri:0, instance:test.XprizoTest@8f4ea7c]" started-at="2024-06-07T00:34:14 IST" name="setUp" finished-at="2024-06-07T00:34:18 IST" duration-ms="3980" status="PASS">
          <reporter-output>
          </reporter-output>
        </test-method> <!-- setUp -->
        <test-method signature="XprizoLogin()[pri:0, instance:test.XprizoTest@8f4ea7c]" started-at="2024-06-07T00:34:18 IST" name="XprizoLogin" finished-at="2024-06-07T00:34:23 IST" duration-ms="5271" status="PASS">
          <reporter-output>
          </reporter-output>
        </test-method> <!-- XprizoLogin -->
        <test-method signature="sendPayment()[pri:1, instance:test.XprizoTest@8f4ea7c]" started-at="2024-06-07T00:34:23 IST" name="sendPayment" finished-at="2024-06-07T00:34:27 IST" duration-ms="3561" status="PASS">
          <reporter-output>
          </reporter-output>
        </test-method> <!-- sendPayment -->
        <test-method is-config="true" signature="closeTest()[pri:0, instance:test.XprizoTest@8f4ea7c]" started-at="2024-06-07T00:34:27 IST" name="closeTest" finished-at="2024-06-07T00:34:27 IST" duration-ms="0" status="PASS">
          <reporter-output>
          </reporter-output>
        </test-method> <!-- closeTest -->
        <test-method is-config="true" signature="tearDown()[pri:0, instance:test.XprizoTest@8f4ea7c]" started-at="2024-06-07T00:34:27 IST" name="tearDown" finished-at="2024-06-07T00:34:27 IST" duration-ms="602" status="PASS">
          <reporter-output>
          </reporter-output>
        </test-method> <!-- tearDown -->
      </class> <!-- test.XprizoTest -->
    </test> <!-- Default test -->
  </suite> <!-- Default suite -->
</testng-results>
