<?xml version="1.0" encoding="UTF-8"?>
<testng-results ignored="0" total="1" passed="1" failed="0" skipped="0">
  <reporter-output>
  </reporter-output>
  <suite started-at="2024-07-07T19:02:18 IST" name="Default suite" finished-at="2024-07-07T19:02:21 IST" duration-ms="3432">
    <groups>
    </groups>
    <test started-at="2024-07-07T19:02:18 IST" name="Default test" finished-at="2024-07-07T19:02:21 IST" duration-ms="3432">
      <class name="utils.ExcelDataProvider">
        <test-method signature="getExcel()[pri:0, instance:utils.ExcelDataProvider@402bba4f]" started-at="2024-07-07T19:02:18 IST" name="getExcel" finished-at="2024-07-07T19:02:21 IST" duration-ms="3367" status="PASS">
          <reporter-output>
          </reporter-output>
        </test-method> <!-- getExcel -->
      </class> <!-- utils.ExcelDataProvider -->
    </test> <!-- Default test -->
  </suite> <!-- Default suite -->
</testng-results>
