<?xml version="1.0" encoding="UTF-8"?>
<testng-results ignored="0" total="1" passed="1" failed="0" skipped="0">
  <reporter-output>
  </reporter-output>
  <suite started-at="2024-08-06T05:23:16Z" name="Default suite" finished-at="2024-08-06T05:23:30Z" duration-ms="13315">
    <groups>
    </groups>
    <test started-at="2024-08-06T05:23:16Z" name="Default test" finished-at="2024-08-06T05:23:30Z" duration-ms="13315">
      <class name="tests.InitializationTest">
        <test-method is-config="true" signature="setUpExtentReports()[pri:0, instance:tests.InitializationTest@10a9d961]" started-at="2024-08-06T10:53:16Z" name="setUpExtentReports" finished-at="2024-08-06T10:53:16Z" duration-ms="599" status="PASS">
          <reporter-output>
          </reporter-output>
        </test-method> <!-- setUpExtentReports -->
        <test-method is-config="true" signature="setUp()[pri:0, instance:tests.InitializationTest@10a9d961]" started-at="2024-08-06T10:53:16Z" name="setUp" finished-at="2024-08-06T10:53:26Z" duration-ms="9588" status="PASS">
          <reporter-output>
          </reporter-output>
        </test-method> <!-- setUp -->
        <test-method signature="sampleTest()[pri:0, instance:tests.InitializationTest@10a9d961]" started-at="2024-08-06T10:53:26Z" name="sampleTest" finished-at="2024-08-06T10:53:30Z" duration-ms="3705" status="PASS">
          <reporter-output>
          </reporter-output>
        </test-method> <!-- sampleTest -->
        <test-method is-config="true" signature="closeTest()[pri:0, instance:tests.InitializationTest@10a9d961]" started-at="2024-08-06T10:53:30Z" name="closeTest" finished-at="2024-08-06T10:53:30Z" duration-ms="0" status="PASS">
          <reporter-output>
          </reporter-output>
        </test-method> <!-- closeTest -->
        <test-method is-config="true" signature="tearDown()[pri:0, instance:tests.InitializationTest@10a9d961]" started-at="2024-08-06T10:53:30Z" name="tearDown" finished-at="2024-08-06T10:53:30Z" duration-ms="523" status="PASS">
          <reporter-output>
          </reporter-output>
        </test-method> <!-- tearDown -->
      </class> <!-- tests.InitializationTest -->
    </test> <!-- Default test -->
  </suite> <!-- Default suite -->
</testng-results>
