<testsuite failures="0" name="src/test/java/feature/2_AllowableCurrencies_API.feature" skipped="0" tests="1" time="5.180489">
  <testcase classname="src.test.java.feature.2_AllowableCurrencies_API" name="Test AllowableCurrencies API with positive scenario" time="5.180489">
    <system-out>* def token = karate.get('authToken') ..................................... passed
* url baseURL + "/api/Preference/AllowableCurrencies" ..................... passed
* print 'Token: ', token .................................................. passed
Given header Accept = 'application/json' .................................. passed
And header Authorization = 'Bearer ' + token .............................. passed
When method GET ........................................................... passed
Then status 200 ........................................................... passed
* print response .......................................................... passed</system-out>
  </testcase>
</testsuite>
